Arguments: 
  C:\Program Files\nodejs\node.exe C:\Users\alpha\AppData\Roaming\npm\node_modules\yarn\bin\yarn.js add @openzeppelin/contracts

PATH: 
  C:\Program Files (x86)\Common Files\Oracle\Java\javapath;C:\WINDOWS\system32;C:\WINDOWS;C:\WINDOWS\System32\Wbem;C:\WINDOWS\System32\WindowsPowerShell\v1.0\;C:\WINDOWS\System32\OpenSSH\;C:\Program Files\Intel\WiFi\bin\;C:\Program Files\Common Files\Intel\WirelessCommon\;C:\Program Files\Microsoft SQL Server\130\Tools\Binn\;C:\Program Files\Microsoft SQL Server\Client SDK\ODBC\170\Tools\Binn\;C:\sqlite3;C:\Program Files\dotnet\;C:\Program Files\Git\cmd;C:\ProgramData\chocolatey\bin;C:\Program Files (x86)\Microsoft SQL Server\150\Tools\Binn\;C:\Program Files\Microsoft SQL Server\150\Tools\Binn\;C:\Program Files\Microsoft SQL Server\150\DTS\Binn\;C:\Program Files (x86)\Microsoft SQL Server\150\DTS\Binn\;C:\Program Files\Azure Data Studio\bin;C:\Program Files\Geth;C:\Program Files (x86)\dotnet\;C:\Program Files\Docker\Docker\resources\bin;%NVM_HOME%;%NVM_SYMLINK%;C:\Users\alpha\AppData\Local\Programs\Python\Python310\Scripts\;C:\Users\alpha\AppData\Local\Programs\Python\Python310\;C:\Users\alpha\.local\share\solana\install\active_release\bin;C:\Users\alpha\.cargo\bin;C:\Users\alpha\AppData\Local\Microsoft\WindowsApps;C:\Users\alpha\.dotnet\tools;C:\Users\alpha\AppData\Roaming\npm;C:\Users\alpha\AppData\Local\Programs\Microsoft VS Code\bin;C:\Users\alpha\AppData\Local\Programs\Fiddler;C:\Users\alpha\.dotnet\tools;C:\Users\alpha\AppData\Roaming\nvm;C:\Program Files\nodejs;C:\Users\alpha\AppData\Local\gitkraken\bin

Yarn version: 
  1.22.17

Node version: 
  14.17.3

Platform: 
  win32 x64

Trace: 
  Error: EPERM: operation not permitted, unlink 'C:\Repository\learnWeb3Dao\r1\defiDev\defi_inheritBlocks_aave_cl_hd_ts\node_modules\@nomicfoundation\solidity-analyzer-win32-x64-msvc\solidity-analyzer.win32-x64-msvc.node'

npm manifest: 
  {
    "name": "defi_inheritBlocks_aave_cl_hd_ts",
    "version": "1.0.0",
    "description": "",
    "main": "index.js",
    "scripts": {
      "test": "echo \"Error: no test specified\" && exit 1"
    },
    "repository": {
      "type": "git",
      "url": "git+https://github.com/BlockchainDeveloper009/defi_inheritBlocks_aave_cl_hd_ts.git"
    },
    "keywords": [],
    "author": "",
    "license": "ISC",
    "bugs": {
      "url": "https://github.com/BlockchainDeveloper009/defi_inheritBlocks_aave_cl_hd_ts/issues"
    },
    "homepage": "https://github.com/BlockchainDeveloper009/defi_inheritBlocks_aave_cl_hd_ts#readme",
    "dependencies": {},
    "devDependencies": {
      "@ethersproject/abi": "^5.7.0",
      "@ethersproject/providers": "^5.7.2",
      "@nomicfoundation/hardhat-chai-matchers": "^1.0.0",
      "@nomicfoundation/hardhat-network-helpers": "^1.0.0",
      "@nomicfoundation/hardhat-toolbox": "^2.0.0",
      "@nomiclabs/hardhat-ethers": "^2.0.0",
      "@nomiclabs/hardhat-etherscan": "^3.0.0",
      "@typechain/ethers-v5": "^10.1.0",
      "@typechain/hardhat": "^6.1.2",
      "@types/chai": "^4.2.0",
      "@types/mocha": "^9.1.0",
      "@types/node": "^18.11.9",
      "chai": "^4.2.0",
      "ethers": "^5.4.7",
      "hardhat": "^2.11.1",
      "hardhat-gas-reporter": "^1.0.8",
      "solidity-coverage": "^0.8.0",
      "ts-node": "^10.9.1",
      "typechain": "^8.1.0",
      "typescript": "^4.9.3"
    }
  }

yarn manifest: 
  No manifest

Lockfile: 
  No lockfile
